c:\users\adavi\source\repos\fpc_cost_estimation_calculator\fpc_cost_estimation_calculator\debug\vc141.pdb
c:\users\adavi\source\repos\fpc_cost_estimation_calculator\fpc_cost_estimation_calculator\debug\.netframework,version=v4.6.1.assemblyattributes.obj
c:\users\adavi\source\repos\fpc_cost_estimation_calculator\fpc_cost_estimation_calculator\debug\.netframework,version=v4.6.1.assemblyattributes.asm
c:\users\adavi\source\repos\fpc_cost_estimation_calculator\fpc_cost_estimation_calculator\debug\welcomescreen.obj
c:\users\adavi\source\repos\fpc_cost_estimation_calculator\fpc_cost_estimation_calculator\debug\firstcalcscreen.obj
c:\users\adavi\source\repos\fpc_cost_estimation_calculator\fpc_cost_estimation_calculator\debug\fpccostestimationcalculator.firstcalcscreen.resources
c:\users\adavi\source\repos\fpc_cost_estimation_calculator\fpc_cost_estimation_calculator\debug\fpccostestimationcalculator.welcomescreen.resources
c:\users\adavi\source\repos\fpc_cost_estimation_calculator\fpc_cost_estimation_calculator\debug\fpc_cost_estimation_calculator.vcxproj.generateresource.cache
c:\users\adavi\source\repos\fpc_cost_estimation_calculator\debug\fpc_cost_estimation_calculator.pdb
c:\users\adavi\source\repos\fpc_cost_estimation_calculator\fpc_cost_estimation_calculator\debug\fpc_cost.bb57693a.tlog\cl.command.1.tlog
c:\users\adavi\source\repos\fpc_cost_estimation_calculator\fpc_cost_estimation_calculator\debug\fpc_cost.bb57693a.tlog\cl.read.1.tlog
c:\users\adavi\source\repos\fpc_cost_estimation_calculator\fpc_cost_estimation_calculator\debug\fpc_cost.bb57693a.tlog\cl.write.1.tlog
c:\users\adavi\source\repos\fpc_cost_estimation_calculator\fpc_cost_estimation_calculator\debug\fpc_cost.bb57693a.tlog\fpc_cost_estimation_calculator.write.1u.tlog
c:\users\adavi\source\repos\fpc_cost_estimation_calculator\fpc_cost_estimation_calculator\debug\fpc_cost.bb57693a.tlog\link.2748-cvtres.read.1.tlog
c:\users\adavi\source\repos\fpc_cost_estimation_calculator\fpc_cost_estimation_calculator\debug\fpc_cost.bb57693a.tlog\link.2748-cvtres.write.1.tlog
c:\users\adavi\source\repos\fpc_cost_estimation_calculator\fpc_cost_estimation_calculator\debug\fpc_cost.bb57693a.tlog\link.2748-rc.read.1.tlog
c:\users\adavi\source\repos\fpc_cost_estimation_calculator\fpc_cost_estimation_calculator\debug\fpc_cost.bb57693a.tlog\link.2748-rc.write.1.tlog
c:\users\adavi\source\repos\fpc_cost_estimation_calculator\fpc_cost_estimation_calculator\debug\fpc_cost.bb57693a.tlog\link.2748.read.1.tlog
c:\users\adavi\source\repos\fpc_cost_estimation_calculator\fpc_cost_estimation_calculator\debug\fpc_cost.bb57693a.tlog\link.2748.write.1.tlog
c:\users\adavi\source\repos\fpc_cost_estimation_calculator\fpc_cost_estimation_calculator\debug\fpc_cost.bb57693a.tlog\link.8348-cvtres.read.1.tlog
c:\users\adavi\source\repos\fpc_cost_estimation_calculator\fpc_cost_estimation_calculator\debug\fpc_cost.bb57693a.tlog\link.8348-cvtres.write.1.tlog
c:\users\adavi\source\repos\fpc_cost_estimation_calculator\fpc_cost_estimation_calculator\debug\fpc_cost.bb57693a.tlog\link.8348-rc.read.1.tlog
c:\users\adavi\source\repos\fpc_cost_estimation_calculator\fpc_cost_estimation_calculator\debug\fpc_cost.bb57693a.tlog\link.8348-rc.write.1.tlog
c:\users\adavi\source\repos\fpc_cost_estimation_calculator\fpc_cost_estimation_calculator\debug\fpc_cost.bb57693a.tlog\link.8348.read.1.tlog
c:\users\adavi\source\repos\fpc_cost_estimation_calculator\fpc_cost_estimation_calculator\debug\fpc_cost.bb57693a.tlog\link.8348.write.1.tlog
c:\users\adavi\source\repos\fpc_cost_estimation_calculator\fpc_cost_estimation_calculator\debug\fpc_cost.bb57693a.tlog\link.9596-cvtres.read.1.tlog
c:\users\adavi\source\repos\fpc_cost_estimation_calculator\fpc_cost_estimation_calculator\debug\fpc_cost.bb57693a.tlog\link.9596-cvtres.write.1.tlog
c:\users\adavi\source\repos\fpc_cost_estimation_calculator\fpc_cost_estimation_calculator\debug\fpc_cost.bb57693a.tlog\link.9596-rc.read.1.tlog
c:\users\adavi\source\repos\fpc_cost_estimation_calculator\fpc_cost_estimation_calculator\debug\fpc_cost.bb57693a.tlog\link.9596-rc.write.1.tlog
c:\users\adavi\source\repos\fpc_cost_estimation_calculator\fpc_cost_estimation_calculator\debug\fpc_cost.bb57693a.tlog\link.9596.read.1.tlog
c:\users\adavi\source\repos\fpc_cost_estimation_calculator\fpc_cost_estimation_calculator\debug\fpc_cost.bb57693a.tlog\link.9596.write.1.tlog
c:\users\adavi\source\repos\fpc_cost_estimation_calculator\fpc_cost_estimation_calculator\debug\fpc_cost.bb57693a.tlog\link.9632-cvtres.read.1.tlog
c:\users\adavi\source\repos\fpc_cost_estimation_calculator\fpc_cost_estimation_calculator\debug\fpc_cost.bb57693a.tlog\link.9632-cvtres.write.1.tlog
c:\users\adavi\source\repos\fpc_cost_estimation_calculator\fpc_cost_estimation_calculator\debug\fpc_cost.bb57693a.tlog\link.9632-rc.read.1.tlog
c:\users\adavi\source\repos\fpc_cost_estimation_calculator\fpc_cost_estimation_calculator\debug\fpc_cost.bb57693a.tlog\link.9632-rc.write.1.tlog
c:\users\adavi\source\repos\fpc_cost_estimation_calculator\fpc_cost_estimation_calculator\debug\fpc_cost.bb57693a.tlog\link.9632.read.1.tlog
c:\users\adavi\source\repos\fpc_cost_estimation_calculator\fpc_cost_estimation_calculator\debug\fpc_cost.bb57693a.tlog\link.9632.write.1.tlog
c:\users\adavi\source\repos\fpc_cost_estimation_calculator\fpc_cost_estimation_calculator\debug\fpc_cost.bb57693a.tlog\link.command.1.tlog
c:\users\adavi\source\repos\fpc_cost_estimation_calculator\fpc_cost_estimation_calculator\debug\fpc_cost.bb57693a.tlog\link.read.1.tlog
c:\users\adavi\source\repos\fpc_cost_estimation_calculator\fpc_cost_estimation_calculator\debug\fpc_cost.bb57693a.tlog\link.write.1.tlog
c:\users\adavi\source\repos\fpc_cost_estimation_calculator\fpc_cost_estimation_calculator\debug\fpc_cost.bb57693a.tlog\metagen.read.1.tlog
c:\users\adavi\source\repos\fpc_cost_estimation_calculator\fpc_cost_estimation_calculator\debug\fpc_cost.bb57693a.tlog\metagen.write.1.tlog
